Done. Made 60 targets from 54 files in 296ms
ninja: Entering directory `/home/chen/tools/sharefolder/code-1.0/out/wifiiot'
[1/216] cross compiler obj/base/hiviewdfx/frameworks/hilog_lite/mini/hiview_log.o
[2/216] cross compiler obj/base/hiviewdfx/services/hiview_lite/hiview_service.o
[3/216] cross compiler obj/applications/sample/wifi-iot/app/Agriculture/sht40.o
[4/216] cross compiler obj/base/hiviewdfx/frameworks/hilog_lite/mini/hiview_log_limit.o
[5/216] AR libs/libhiview_lite.a
[6/216] cross compiler obj/base/hiviewdfx/frameworks/hilog_lite/mini/hiview_output_log.o
[7/216] AR libs/libhilog_lite.a
[8/216] STAMP obj/base/hiviewdfx/frameworks/hilog_lite/mini/hilog_lite_ndk.stamp
[9/216] cross compiler obj/applications/sample/wifi-iot/app/Agriculture/oled_ssd1306.o
[10/216] cross compiler obj/base/iot_hardware/frameworks/wifiiot_lite/src/wifiiot_kal.o
[11/216] cross compiler obj/base/hiviewdfx/utils/lite/hiview_config.o
[12/216] cross compiler obj/base/iot_hardware/frameworks/wifiiot_lite/src/wifiiot_adc.o
[13/216] cross compiler obj/applications/sample/wifi-iot/app/Agriculture/wifi_utils.o
[14/216] cross compiler obj/applications/sample/wifi-iot/app/Agriculture/mqtt_utils.o
[15/216] cross compiler obj/base/iot_hardware/frameworks/wifiiot_lite/src/reset.o
[16/216] cross compiler obj/base/iot_hardware/frameworks/wifiiot_lite/src/wifiiot_flash.o
[17/216] cross compiler obj/base/iot_hardware/frameworks/wifiiot_lite/src/wifiiot_gpio.o
[18/216] cross compiler obj/base/iot_hardware/frameworks/wifiiot_lite/src/lowpower.o
[19/216] cross compiler obj/base/iot_hardware/frameworks/wifiiot_lite/src/wifiiot_watchdog.o
[20/216] cross compiler obj/applications/sample/wifi-iot/app/Agriculture/main.o
[21/216] cross compiler obj/base/iot_hardware/frameworks/wifiiot_lite/src/wifiiot_partition.o
[22/216] AR libs/libAgriculture.a
[23/216] STAMP obj/applications/sample/wifi-iot/app/app.stamp
[24/216] cross compiler obj/base/hiviewdfx/utils/lite/hiview_util.o
[25/216] cross compiler obj/base/hiviewdfx/utils/lite/hiview_cache.o
[26/216] cross compiler obj/base/security/frameworks/hichainsdk_lite/source/auth_info/add_auth_info.o
[27/216] cross compiler obj/base/hiviewdfx/utils/lite/hiview_file.o
[28/216] AR libs/libcommon_lite.a
[29/216] cross compiler obj/base/iot_hardware/frameworks/wifiiot_lite/src/wifiiot_at.o
[30/216] cross compiler obj/base/security/frameworks/hichainsdk_lite/source/auth_info/remove_auth_info_client.o
[31/216] cross compiler obj/base/security/frameworks/hichainsdk_lite/source/auth_info/auth_info.o
[32/216] cross compiler obj/base/iot_hardware/frameworks/wifiiot_lite/src/wifiiot_i2s.o
[33/216] cross compiler obj/base/iot_hardware/frameworks/wifiiot_lite/src/wifiiot_i2c.o
[34/216] cross compiler obj/base/iot_hardware/frameworks/wifiiot_lite/src/wifiiot_pwm.o
[35/216] cross compiler obj/base/security/frameworks/hichainsdk_lite/source/auth_info/exchange_auth_info.o
[36/216] STAMP obj/build/lite/ndk.stamp
[37/216] cross compiler obj/base/security/frameworks/hichainsdk_lite/source/auth_info/add_auth_info_client.o
[38/216] cross compiler obj/base/iot_hardware/frameworks/wifiiot_lite/src/wifiiot_uart.o
[39/216] cross compiler obj/base/iot_hardware/frameworks/wifiiot_lite/src/wifiiot_spi.o
[40/216] cross compiler obj/base/iot_hardware/frameworks/wifiiot_lite/src/wifiiot_sdio.o
[41/216] AR libs/libiothardware.a
[42/216] STAMP obj/base/iot_hardware/frameworks/wifiiot_lite/src/iothardware_ndk.stamp
[43/216] cross compiler obj/foundation/communication/services/softbus_lite/authmanager/source/msg_get_deviceid.o
[44/216] cross compiler obj/base/security/frameworks/hichainsdk_lite/source/auth_info/exchange_auth_info_client.o
[45/216] cross compiler obj/base/startup/services/bootstrap_lite/source/bootstrap_service.o
[46/216] cross compiler obj/foundation/communication/services/softbus_lite/authmanager/source/auth_conn.o
[47/216] cross compiler obj/base/security/frameworks/hichainsdk_lite/source/key_agreement/key_agreement_client.o
[48/216] cross compiler obj/foundation/communication/services/softbus_lite/authmanager/source/auth_interface.o
[49/216] cross compiler obj/base/security/frameworks/hichainsdk_lite/source/json/commonutil.o
[50/216] cross compiler obj/base/security/frameworks/hichainsdk_lite/source/key_agreement/key_agreement.o
[51/216] cross compiler obj/base/security/frameworks/hichainsdk_lite/source/json/jsonutil.o
[52/216] cross compiler obj/base/security/frameworks/hichainsdk_lite/source/key_agreement/key_agreement_server.o
[53/216] cross compiler obj/base/security/frameworks/hichainsdk_lite/source/key_agreement/sec_clone_server.o
[54/216] cross compiler obj/base/security/frameworks/hichainsdk_lite/source/key_agreement/pake_client.o
[55/216] cross compiler obj/base/security/frameworks/hichainsdk_lite/source/log/log.o
[56/216] cross compiler obj/base/security/frameworks/hichainsdk_lite/source/key_agreement/sts_client.o
[57/216] cross compiler obj/base/security/frameworks/hichainsdk_lite/source/hichain.o
[58/216] cross compiler obj/base/security/frameworks/hichainsdk_lite/source/struct/add_auth_info_request.o
[59/216] cross compiler obj/base/security/frameworks/hichainsdk_lite/source/struct/add_auth_info_data.o
[60/216] cross compiler obj/base/security/frameworks/hichainsdk_lite/source/key_agreement/pake_server.o
[61/216] cross compiler obj/base/security/frameworks/hichainsdk_lite/source/struct/add_auth_info_response.o
[62/216] cross compiler obj/base/security/frameworks/hichainsdk_lite/source/struct/auth_ack_response.o
[63/216] cross compiler obj/base/security/frameworks/hichainsdk_lite/source/key_agreement/sts_server.o
[64/216] cross compiler obj/base/security/frameworks/hichainsdk_lite/source/schedule/build_object.o
[65/216] cross compiler obj/base/security/frameworks/hichainsdk_lite/source/struct/auth_start_response.o
[66/216] cross compiler obj/base/security/frameworks/hichainsdk_lite/source/schedule/distribution.o
[67/216] cross compiler obj/base/security/frameworks/hichainsdk_lite/source/struct/auth_ack_request.o
[68/216] cross compiler obj/base/security/frameworks/hichainsdk_lite/source/struct/exchange_auth_data.o
[69/216] cross compiler obj/base/security/frameworks/hichainsdk_lite/source/struct/auth_start_request.o
[70/216] cross compiler obj/base/security/frameworks/hichainsdk_lite/source/struct/exchange_response.o
[71/216] cross compiler obj/base/security/frameworks/hichainsdk_lite/source/huks_adapter/huks_adapter.o
[72/216] cross compiler obj/base/security/frameworks/hichainsdk_lite/source/struct/import_add_auth_data.o
[73/216] cross compiler obj/base/security/frameworks/hichainsdk_lite/source/struct/exchange_request.o
[74/216] cross compiler obj/base/security/frameworks/hichainsdk_lite/source/struct/key_agreement_version.o
[75/216] cross compiler obj/base/security/frameworks/hichainsdk_lite/source/struct/pake_client_confirm.o
[76/216] cross compiler obj/base/security/frameworks/hichainsdk_lite/source/struct/inform_message.o
[77/216] cross compiler obj/base/security/frameworks/hichainsdk_lite/source/struct/pake_server_confirm.o
[78/216] cross compiler obj/base/security/frameworks/hichainsdk_lite/source/struct/rmv_auth_info_data.o
[79/216] cross compiler obj/base/security/frameworks/hichainsdk_lite/source/struct/rmv_auth_info_request.o
[80/216] cross compiler obj/base/security/frameworks/hichainsdk_lite/source/struct/pake_request.o
[81/216] cross compiler obj/base/security/frameworks/hichainsdk_lite/source/struct/pake_response.o
[82/216] cross compiler obj/base/security/frameworks/hichainsdk_lite/source/struct/rmv_auth_info_response.o
[83/216] cross compiler obj/base/security/frameworks/hichainsdk_lite/source/struct/parsedata.o
[84/216] STAMP obj/base/startup/frameworks/syspara_lite/token/token_notes.stamp
[85/216] cross compiler obj/base/security/frameworks/hichainsdk_lite/source/struct/sec_clone_data.o
[86/216] AR libs/libhichainsdk.a
[87/216] STAMP obj/base/security/frameworks/hichainsdk_lite/hichainsdk.stamp
[88/216] cross compiler obj/base/startup/frameworks/syspara_lite/token/src/token_impl_hal/token.o
[89/216] cross compiler obj/base/startup/frameworks/syspara_lite/parameter/src/param_impl_hal/param_impl_hal.o
[90/216] cross compiler obj/base/startup/services/bootstrap_lite/source/system_init.o
[91/216] AR libs/libbootstrap.a
[92/216] cross compiler obj/base/startup/frameworks/syspara_lite/parameter/src/parameter_common.o
[93/216] cross compiler obj/foundation/distributedschedule/services/samgr_lite/communication/broadcast/source/pub_sub_feature.o
[94/216] cross compiler obj/foundation/distributedschedule/services/samgr_lite/communication/broadcast/source/broadcast_service.o
[95/216] cross compiler obj/foundation/distributedschedule/services/samgr_lite/samgr/adapter/cmsis/memory_adapter.o
[96/216] cross compiler obj/foundation/distributedschedule/services/samgr_lite/communication/broadcast/source/pub_sub_implement.o
[97/216] cross compiler obj/foundation/communication/services/softbus_lite/trans_service/source/libdistbus/tcp_session.o
[98/216] cross compiler obj/foundation/communication/services/softbus_lite/authmanager/source/bus_manager.o
[99/216] cross compiler obj/foundation/communication/services/softbus_lite/discovery/coap/source/nstackx_common.o
[100/216] cross compiler obj/foundation/communication/services/softbus_lite/discovery/coap/source/nstackx_device.o
[101/216] cross compiler obj/foundation/communication/services/softbus_lite/discovery/coap/source/json_payload.o
[102/216] cross compiler obj/foundation/communication/services/softbus_lite/authmanager/source/wifi_auth_manager.o
[103/216] cross compiler obj/foundation/communication/services/softbus_lite/discovery/coap/source/coap_discover.o
[104/216] cross compiler obj/foundation/communication/services/softbus_lite/discovery/coap/source/coap_socket.o
[105/216] cross compiler obj/foundation/communication/services/softbus_lite/discovery/discovery_service/source/coap_service.o
[106/216] cross compiler obj/foundation/communication/services/softbus_lite/discovery/discovery_service/source/common_info_manager.o
[107/216] cross compiler obj/foundation/communication/services/softbus_lite/trans_service/source/libdistbus/trans_lock.o
[108/216] cross compiler obj/foundation/communication/services/softbus_lite/discovery/coap/source/coap_adapter.o
[109/216] cross compiler obj/foundation/communication/services/softbus_lite/trans_service/source/libdistbus/tcp_session_manager.o
[110/216] cross compiler obj/foundation/communication/services/softbus_lite/os_adapter/source/L0/os_adapter.o
[111/216] cross compiler obj/foundation/communication/services/softbus_lite/trans_service/source/utils/message.o
[112/216] cross compiler obj/foundation/communication/services/softbus_lite/discovery/discovery_service/source/discovery_service.o
[113/216] cross compiler obj/foundation/distributedschedule/services/samgr_lite/samgr/registry/service_registry.o
[114/216] cross compiler obj/foundation/communication/services/softbus_lite/trans_service/source/utils/aes_gcm.o
[115/216] cross compiler obj/foundation/distributedschedule/services/samgr_lite/samgr/adapter/cmsis/queue_adapter.o
[116/216] cross compiler obj/foundation/communication/services/softbus_lite/trans_service/source/libdistbus/auth_conn_manager.o
[117/216] AR libs/libbroadcast.a
[118/216] cross compiler obj/foundation/communication/services/softbus_lite/trans_service/source/utils/tcp_socket.o
[119/216] cross compiler obj/foundation/distributedschedule/services/samgr_lite/samgr/adapter/cmsis/thread_adapter.o
[120/216] cross compiler obj/foundation/distributedschedule/services/samgr_lite/samgr/adapter/cmsis/time_adapter.o
[121/216] AR libs/libsamgr_adapter.a
[122/216] cross compiler obj/foundation/distributedschedule/services/samgr_lite/samgr/source/iunknown.o
[123/216] cross compiler obj/foundation/distributedschedule/services/samgr_lite/samgr/source/feature.o
[124/216] cross compiler obj/foundation/distributedschedule/services/samgr_lite/samgr/source/task_manager.o
[125/216] cross compiler obj/foundation/distributedschedule/services/samgr_lite/samgr/source/common.o
[126/216] cross compiler obj/foundation/distributedschedule/services/samgr_lite/samgr/source/message.o
[127/216] cross compiler obj/foundation/distributedschedule/services/samgr_lite/samgr/source/samgr_lite.o
[128/216] STAMP obj/test/xts/acts/acts_compoment.stamp
[129/216] STAMP obj/test/xts/tools/tools.stamp
[130/216] STAMP obj/third_party/cJSON/cjson_shared.stamp
[131/216] AR libs/libauthmanager.a
[132/216] AR libs/libdiscovery.a
[133/216] STAMP obj/foundation/communication/services/softbus_lite/discovery_ndk.stamp
[134/216] cross compiler obj/foundation/distributedschedule/services/samgr_lite/samgr/source/service.o
[135/216] AR libs/libtrans_service.a
[136/216] STAMP obj/foundation/communication/services/softbus_lite/trans_service_ndk.stamp
[137/216] AR libs/libsamgr_source.a
[138/216] STAMP obj/foundation/communication/services/softbus_lite/softbus.stamp
[139/216] STAMP obj/foundation/communication/services/softbus_lite/softbus_lite_ndk.stamp
[140/216] AR libs/libsamgr.a
[141/216] STAMP obj/foundation/distributedschedule/services/samgr_lite/samgr.stamp
[142/216] STAMP obj/foundation/distributedschedule/services/samgr_lite/samgr_lite_ndk.stamp
[143/216] cross compiler obj/kernel/liteos_m/components/kal/src/kal.o
[144/216] STAMP obj/third_party/pahomqtt/pahomqtt_shared.stamp
[145/216] AR libs/libkal.a
[146/216] cross compiler obj/utils/native/lite/kv_store/src/kvstore_impl_hal/kv_store.o
[147/216] cross compiler obj/third_party/pahomqtt/MQTTPacket/samples/transport.o
[148/216] cross compiler obj/third_party/pahomqtt/MQTTPacket/src/MQTTConnectClient.o
[149/216] cross compiler obj/utils/native/lite/kv_store/src/kvstore_common/kvstore_common.o
[150/216] cross compiler obj/third_party/pahomqtt/MQTTPacket/src/MQTTConnectServer.o
[151/216] cross compiler obj/kernel/liteos_m/components/cmsis/cmsis_liteos.o
[152/216] AR libs/libcmsis.a
[153/216] cross compiler obj/third_party/pahomqtt/MQTTPacket/src/MQTTPacket.o
[154/216] cross compiler obj/third_party/pahomqtt/MQTTPacket/src/MQTTFormat.o
[155/216] cross compiler obj/third_party/cJSON/cJSON_Utils.o
[156/216] cross compiler obj/third_party/pahomqtt/MQTTPacket/src/MQTTDeserializePublish.o
[157/216] cross compiler obj/third_party/pahomqtt/MQTTPacket/src/MQTTUnsubscribeClient.o
[158/216] cross compiler obj/third_party/pahomqtt/MQTTPacket/src/MQTTSubscribeClient.o
[159/216] cross compiler obj/third_party/pahomqtt/MQTTPacket/src/MQTTSerializePublish.o
[160/216] cross compiler obj/third_party/pahomqtt/MQTTPacket/src/MQTTSubscribeServer.o
[161/216] AR libs/libutils_kv_store.a
[162/216] STAMP obj/utils/native/lite/kv_store/kv_store.stamp
[163/216] cross compiler obj/third_party/pahomqtt/MQTTPacket/src/MQTTUnsubscribeServer.o
[164/216] cross compiler obj/vendor/hisi/hi3861/hi3861_adapter/hals/iot_hardware/wifiiot_lite/hal_wifiiot_watchdog.o
[165/216] AR libs/libpahomqtt_static.a
[166/216] STAMP obj/third_party/pahomqtt/pahomqtt_ndk.stamp
[167/216] cross compiler obj/utils/native/lite/file/src/file_impl_hal/file.o
[168/216] cross compiler obj/vendor/hisi/hi3861/hi3861_adapter/hals/iot_hardware/wifiiot_lite/hal_wifiiot_partition.o
[169/216] cross compiler obj/vendor/hisi/hi3861/hi3861_adapter/hals/iot_hardware/wifiiot_lite/hal_wifiiot_at.o
[170/216] cross compiler obj/vendor/hisi/hi3861/hi3861_adapter/hals/iot_hardware/wifiiot_lite/hal_wifiiot_uart.o
[171/216] cross compiler obj/vendor/hisi/hi3861/hi3861_adapter/hals/communication/wifi_lite/wifiservice/source/wifi_device_util.o
[172/216] cross compiler obj/vendor/huawei/wifi-iot/hals/utils/token/hal_token.o
[173/216] cross compiler obj/vendor/hisi/hi3861/hi3861_adapter/hals/communication/wifi_lite/wifiservice/source/wifi_hotspot.o
[174/216] cross compiler obj/third_party/cJSON/cJSON.o
[175/216] cross compiler obj/vendor/hisi/hi3861/hi3861_adapter/hals/iot_hardware/wifiiot_lite/hal_wifiiot_spi.o
[176/216] AR libs/libcjson_static.a
[177/216] cross compiler obj/vendor/hisi/hi3861/hi3861_adapter/hals/iot_hardware/wifiiot_lite/hal_wifiiot_sdio.o
[178/216] STAMP obj/third_party/cJSON/cjson_ndk.stamp
[179/216] cross compiler obj/vendor/hisi/hi3861/hi3861_adapter/hals/communication/wifi_lite/wifiservice/source/wifi_device.o
[180/216] STAMP obj/vendor/hisi/hi3861/hi3861/sdk.stamp
[181/216] STAMP obj/vendor/hisi/hi3861/hi3861/wifiiot_sdk.stamp
[182/216] cross compiler obj/vendor/hisi/hi3861/hi3861_adapter/hals/iot_hardware/wifiiot_lite/hal_wifiiot_kal.o
[183/216] AR libs/libwifiservice.a
[184/216] cross compiler obj/vendor/hisi/hi3861/hi3861_adapter/hals/iot_hardware/wifiiot_lite/hal_wifiiot_pwm.o
[185/216] STAMP obj/foundation/communication/frameworks/wifi_lite/wifi.stamp
[186/216] cross compiler obj/vendor/hisi/hi3861/hi3861_adapter/hals/iot_hardware/wifiiot_lite/hal_wifiiot_i2s.o
[187/216] STAMP obj/vendor/hisi/hi3861/hi3861_adapter/hals/communication/wifi_lite/wifiservice/wifiservice_ndk.stamp
[188/216] cross compiler obj/vendor/hisi/hi3861/hi3861_adapter/hals/iot_hardware/wifiiot_lite/hal_wifiiot_adc.o
[189/216] cross compiler obj/vendor/hisi/hi3861/hi3861_adapter/hals/iot_hardware/wifiiot_lite/hal_wifiiot_i2c.o
[190/216] cross compiler obj/vendor/hisi/hi3861/hi3861_adapter/hals/iot_hardware/wifiiot_lite/hal_lowpower.o
[191/216] cross compiler obj/vendor/hisi/hi3861/hi3861_adapter/hals/iot_hardware/wifiiot_lite/hal_reset.o
[192/216] cross compiler obj/vendor/hisi/hi3861/hi3861_adapter/hals/iot_hardware/wifiiot_lite/hal_wifiiot_flash.o
[193/216] ACTION //test/xdevice:xdevice(//build/lite/toolchain:linux_x86_64_riscv32_gcc)
running install
running bdist_egg
running egg_info
writing src/xdevice.egg-info/PKG-INFO
writing dependency_links to src/xdevice.egg-info/dependency_links.txt
writing entry points to src/xdevice.egg-info/entry_points.txt
writing top-level names to src/xdevice.egg-info/top_level.txt
reading manifest file 'src/xdevice.egg-info/SOURCES.txt'
writing manifest file 'src/xdevice.egg-info/SOURCES.txt'
installing library code to build/bdist.linux-x86_64/egg
running install_lib
running build_py
creating build/bdist.linux-x86_64/egg
creating build/bdist.linux-x86_64/egg/xdevice
copying build/lib/xdevice/__main__.py -> build/bdist.linux-x86_64/egg/xdevice
creating build/bdist.linux-x86_64/egg/xdevice/_core
creating build/bdist.linux-x86_64/egg/xdevice/_core/environment
copying build/lib/xdevice/_core/environment/manager_env.py -> build/bdist.linux-x86_64/egg/xdevice/_core/environment
copying build/lib/xdevice/_core/environment/manager_lite.py -> build/bdist.linux-x86_64/egg/xdevice/_core/environment
copying build/lib/xdevice/_core/environment/dmlib_lite.py -> build/bdist.linux-x86_64/egg/xdevice/_core/environment
copying build/lib/xdevice/_core/environment/device_lite.py -> build/bdist.linux-x86_64/egg/xdevice/_core/environment
copying build/lib/xdevice/_core/environment/__init__.py -> build/bdist.linux-x86_64/egg/xdevice/_core/environment
copying build/lib/xdevice/_core/utils.py -> build/bdist.linux-x86_64/egg/xdevice/_core
creating build/bdist.linux-x86_64/egg/xdevice/_core/build
copying build/lib/xdevice/_core/build/__init__.py -> build/bdist.linux-x86_64/egg/xdevice/_core/build
creating build/bdist.linux-x86_64/egg/xdevice/_core/resource
creating build/bdist.linux-x86_64/egg/xdevice/_core/resource/template
copying build/lib/xdevice/_core/resource/template/report.html -> build/bdist.linux-x86_64/egg/xdevice/_core/resource/template
creating build/bdist.linux-x86_64/egg/xdevice/_core/resource/config
copying build/lib/xdevice/_core/resource/config/user_config.xml -> build/bdist.linux-x86_64/egg/xdevice/_core/resource/config
creating build/bdist.linux-x86_64/egg/xdevice/_core/report
copying build/lib/xdevice/_core/report/suite_reporter.py -> build/bdist.linux-x86_64/egg/xdevice/_core/report
copying build/lib/xdevice/_core/report/encrypt.py -> build/bdist.linux-x86_64/egg/xdevice/_core/report
copying build/lib/xdevice/_core/report/result_reporter.py -> build/bdist.linux-x86_64/egg/xdevice/_core/report
copying build/lib/xdevice/_core/report/__main__.py -> build/bdist.linux-x86_64/egg/xdevice/_core/report
copying build/lib/xdevice/_core/report/reporter_helper.py -> build/bdist.linux-x86_64/egg/xdevice/_core/report
copying build/lib/xdevice/_core/report/__init__.py -> build/bdist.linux-x86_64/egg/xdevice/_core/report
copying build/lib/xdevice/_core/constants.py -> build/bdist.linux-x86_64/egg/xdevice/_core
copying build/lib/xdevice/_core/common.py -> build/bdist.linux-x86_64/egg/xdevice/_core
copying build/lib/xdevice/_core/interface.py -> build/bdist.linux-x86_64/egg/xdevice/_core
creating build/bdist.linux-x86_64/egg/xdevice/_core/testkit
copying build/lib/xdevice/_core/testkit/json_parser.py -> build/bdist.linux-x86_64/egg/xdevice/_core/testkit
copying build/lib/xdevice/_core/testkit/uikit_lite.py -> build/bdist.linux-x86_64/egg/xdevice/_core/testkit
copying build/lib/xdevice/_core/testkit/kit_lite.py -> build/bdist.linux-x86_64/egg/xdevice/_core/testkit
copying build/lib/xdevice/_core/testkit/__init__.py -> build/bdist.linux-x86_64/egg/xdevice/_core/testkit
copying build/lib/xdevice/_core/exception.py -> build/bdist.linux-x86_64/egg/xdevice/_core
creating build/bdist.linux-x86_64/egg/xdevice/_core/executor
copying build/lib/xdevice/_core/executor/concurrent.py -> build/bdist.linux-x86_64/egg/xdevice/_core/executor
copying build/lib/xdevice/_core/executor/scheduler.py -> build/bdist.linux-x86_64/egg/xdevice/_core/executor
copying build/lib/xdevice/_core/executor/listener.py -> build/bdist.linux-x86_64/egg/xdevice/_core/executor
copying build/lib/xdevice/_core/executor/request.py -> build/bdist.linux-x86_64/egg/xdevice/_core/executor
copying build/lib/xdevice/_core/executor/source.py -> build/bdist.linux-x86_64/egg/xdevice/_core/executor
copying build/lib/xdevice/_core/executor/__init__.py -> build/bdist.linux-x86_64/egg/xdevice/_core/executor
creating build/bdist.linux-x86_64/egg/xdevice/_core/config
copying build/lib/xdevice/_core/config/config_manager.py -> build/bdist.linux-x86_64/egg/xdevice/_core/config
copying build/lib/xdevice/_core/config/resource_manager.py -> build/bdist.linux-x86_64/egg/xdevice/_core/config
copying build/lib/xdevice/_core/config/__init__.py -> build/bdist.linux-x86_64/egg/xdevice/_core/config
creating build/bdist.linux-x86_64/egg/xdevice/_core/driver
copying build/lib/xdevice/_core/driver/parser_lite.py -> build/bdist.linux-x86_64/egg/xdevice/_core/driver
copying build/lib/xdevice/_core/driver/device_test.py -> build/bdist.linux-x86_64/egg/xdevice/_core/driver
copying build/lib/xdevice/_core/driver/drivers_lite.py -> build/bdist.linux-x86_64/egg/xdevice/_core/driver
copying build/lib/xdevice/_core/driver/__init__.py -> build/bdist.linux-x86_64/egg/xdevice/_core/driver
copying build/lib/xdevice/_core/logger.py -> build/bdist.linux-x86_64/egg/xdevice/_core
creating build/bdist.linux-x86_64/egg/xdevice/_core/command
copying build/lib/xdevice/_core/command/console.py -> build/bdist.linux-x86_64/egg/xdevice/_core/command
copying build/lib/xdevice/_core/command/__init__.py -> build/bdist.linux-x86_64/egg/xdevice/_core/command
copying build/lib/xdevice/_core/plugin.py -> build/bdist.linux-x86_64/egg/xdevice/_core
copying build/lib/xdevice/_core/__init__.py -> build/bdist.linux-x86_64/egg/xdevice/_core
copying build/lib/xdevice/variables.py -> build/bdist.linux-x86_64/egg/xdevice
copying build/lib/xdevice/__init__.py -> build/bdist.linux-x86_64/egg/xdevice
byte-compiling build/bdist.linux-x86_64/egg/xdevice/__main__.py to __main__.cpython-38.pyc
byte-compiling build/bdist.linux-x86_64/egg/xdevice/_core/environment/manager_env.py to manager_env.cpython-38.pyc
byte-compiling build/bdist.linux-x86_64/egg/xdevice/_core/environment/manager_lite.py to manager_lite.cpython-38.pyc
byte-compiling build/bdist.linux-x86_64/egg/xdevice/_core/environment/dmlib_lite.py to dmlib_lite.cpython-38.pyc
byte-compiling build/bdist.linux-x86_64/egg/xdevice/_core/environment/device_lite.py to device_lite.cpython-38.pyc
byte-compiling build/bdist.linux-x86_64/egg/xdevice/_core/environment/__init__.py to __init__.cpython-38.pyc
byte-compiling build/bdist.linux-x86_64/egg/xdevice/_core/utils.py to utils.cpython-38.pyc
byte-compiling build/bdist.linux-x86_64/egg/xdevice/_core/build/__init__.py to __init__.cpython-38.pyc
byte-compiling build/bdist.linux-x86_64/egg/xdevice/_core/report/suite_reporter.py to suite_reporter.cpython-38.pyc
byte-compiling build/bdist.linux-x86_64/egg/xdevice/_core/report/encrypt.py to encrypt.cpython-38.pyc
byte-compiling build/bdist.linux-x86_64/egg/xdevice/_core/report/result_reporter.py to result_reporter.cpython-38.pyc
byte-compiling build/bdist.linux-x86_64/egg/xdevice/_core/report/__main__.py to __main__.cpython-38.pyc
byte-compiling build/bdist.linux-x86_64/egg/xdevice/_core/report/reporter_helper.py to reporter_helper.cpython-38.pyc
byte-compiling build/bdist.linux-x86_64/egg/xdevice/_core/report/__init__.py to __init__.cpython-38.pyc
byte-compiling build/bdist.linux-x86_64/egg/xdevice/_core/constants.py to constants.cpython-38.pyc
byte-compiling build/bdist.linux-x86_64/egg/xdevice/_core/common.py to common.cpython-38.pyc
byte-compiling build/bdist.linux-x86_64/egg/xdevice/_core/interface.py to interface.cpython-38.pyc
byte-compiling build/bdist.linux-x86_64/egg/xdevice/_core/testkit/json_parser.py to json_parser.cpython-38.pyc
byte-compiling build/bdist.linux-x86_64/egg/xdevice/_core/testkit/uikit_lite.py to uikit_lite.cpython-38.pyc
byte-compiling build/bdist.linux-x86_64/egg/xdevice/_core/testkit/kit_lite.py to kit_lite.cpython-38.pyc
byte-compiling build/bdist.linux-x86_64/egg/xdevice/_core/testkit/__init__.py to __init__.cpython-38.pyc
byte-compiling build/bdist.linux-x86_64/egg/xdevice/_core/exception.py to exception.cpython-38.pyc
byte-compiling build/bdist.linux-x86_64/egg/xdevice/_core/executor/concurrent.py to concurrent.cpython-38.pyc
byte-compiling build/bdist.linux-x86_64/egg/xdevice/_core/executor/scheduler.py to scheduler.cpython-38.pyc
byte-compiling build/bdist.linux-x86_64/egg/xdevice/_core/executor/listener.py to listener.cpython-38.pyc
byte-compiling build/bdist.linux-x86_64/egg/xdevice/_core/executor/request.py to request.cpython-38.pyc
byte-compiling build/bdist.linux-x86_64/egg/xdevice/_core/executor/source.py to source.cpython-38.pyc
byte-compiling build/bdist.linux-x86_64/egg/xdevice/_core/executor/__init__.py to __init__.cpython-38.pyc
byte-compiling build/bdist.linux-x86_64/egg/xdevice/_core/config/config_manager.py to config_manager.cpython-38.pyc
byte-compiling build/bdist.linux-x86_64/egg/xdevice/_core/config/resource_manager.py to resource_manager.cpython-38.pyc
byte-compiling build/bdist.linux-x86_64/egg/xdevice/_core/config/__init__.py to __init__.cpython-38.pyc
byte-compiling build/bdist.linux-x86_64/egg/xdevice/_core/driver/parser_lite.py to parser_lite.cpython-38.pyc
byte-compiling build/bdist.linux-x86_64/egg/xdevice/_core/driver/device_test.py to device_test.cpython-38.pyc
byte-compiling build/bdist.linux-x86_64/egg/xdevice/_core/driver/drivers_lite.py to drivers_lite.cpython-38.pyc
byte-compiling build/bdist.linux-x86_64/egg/xdevice/_core/driver/__init__.py to __init__.cpython-38.pyc
byte-compiling build/bdist.linux-x86_64/egg/xdevice/_core/logger.py to logger.cpython-38.pyc
byte-compiling build/bdist.linux-x86_64/egg/xdevice/_core/command/console.py to console.cpython-38.pyc
byte-compiling build/bdist.linux-x86_64/egg/xdevice/_core/command/__init__.py to __init__.cpython-38.pyc
byte-compiling build/bdist.linux-x86_64/egg/xdevice/_core/plugin.py to plugin.cpython-38.pyc
byte-compiling build/bdist.linux-x86_64/egg/xdevice/_core/__init__.py to __init__.cpython-38.pyc
byte-compiling build/bdist.linux-x86_64/egg/xdevice/variables.py to variables.cpython-38.pyc
byte-compiling build/bdist.linux-x86_64/egg/xdevice/__init__.py to __init__.cpython-38.pyc
creating build/bdist.linux-x86_64/egg/EGG-INFO
copying src/xdevice.egg-info/PKG-INFO -> build/bdist.linux-x86_64/egg/EGG-INFO
copying src/xdevice.egg-info/SOURCES.txt -> build/bdist.linux-x86_64/egg/EGG-INFO
copying src/xdevice.egg-info/dependency_links.txt -> build/bdist.linux-x86_64/egg/EGG-INFO
copying src/xdevice.egg-info/entry_points.txt -> build/bdist.linux-x86_64/egg/EGG-INFO
copying src/xdevice.egg-info/not-zip-safe -> build/bdist.linux-x86_64/egg/EGG-INFO
copying src/xdevice.egg-info/top_level.txt -> build/bdist.linux-x86_64/egg/EGG-INFO
creating 'dist/xdevice-0.0.0-py3.8.egg' and adding 'build/bdist.linux-x86_64/egg' to it
removing 'build/bdist.linux-x86_64/egg' (and everything under it)
Processing xdevice-0.0.0-py3.8.egg
removing '/home/chen/.local/lib/python3.8/site-packages/xdevice-0.0.0-py3.8.egg' (and everything under it)
creating /home/chen/.local/lib/python3.8/site-packages/xdevice-0.0.0-py3.8.egg
Extracting xdevice-0.0.0-py3.8.egg to /home/chen/.local/lib/python3.8/site-packages
xdevice 0.0.0 is already the active version in easy-install.pth
Installing xdevice script to /home/chen/.local/bin
Installing xdevice_report script to /home/chen/.local/bin

Installed /home/chen/.local/lib/python3.8/site-packages/xdevice-0.0.0-py3.8.egg
Processing dependencies for xdevice==0.0.0
Finished processing dependencies for xdevice==0.0.0
[194/216] AR libs/libhal_token_static.a
[195/216] STAMP obj/test/xdevice/xdevice.stamp
[196/216] AR libs/libtoken_static.a
[197/216] cross compiler obj/vendor/hisi/hi3861/hi3861_adapter/hals/iot_hardware/wifiiot_lite/hal_wifiiot_gpio.o
[198/216] cross compiler obj/vendor/hisi/hi3861/hi3861_adapter/hals/utils/file/src/hal_file.o
[199/216] STAMP obj/base/startup/frameworks/syspara_lite/token/token.stamp
[200/216] AR libs/libhal_iothardware.a
[201/216] AR libs/libhal_file_static.a
[202/216] STAMP obj/base/iot_hardware/frameworks/wifiiot_lite/iothardware.stamp
[203/216] AR libs/libnative_file.a
[204/216] STAMP obj/utils/native/lite/file/file.stamp
[205/216] cross compiler obj/vendor/huawei/wifi-iot/hals/utils/sys_param/hal_sys_param.o
[206/216] AR libs/libhal_sysparam.a
[207/216] AR libs/libsysparam.a
[208/216] STAMP obj/base/startup/frameworks/syspara_lite/parameter/parameter.stamp
[209/216] STAMP obj/base/startup/frameworks/syspara_lite/parameter/parameter_notes.stamp
[210/216] ACTION //test/xts/acts:acts(//build/lite/toolchain:linux_x86_64_riscv32_gcc)
[211/216] STAMP obj/test/xts/acts/acts.stamp
[212/216] STAMP obj/build/lite/ohos.stamp
[213/216] ACTION //build/lite:gen_rootfs(//build/lite/toolchain:linux_x86_64_riscv32_gcc)
[214/216] STAMP obj/build/lite/gen_rootfs.stamp
[215/216] ACTION //vendor/hisi/hi3861/hi3861:run_wifiiot_scons(//build/lite/toolchain:linux_x86_64_riscv32_gcc)
execute ota_builder with python...
riscv32-unknown-elf-gcc -Iplatform/os/Huawei_LiteOS/kernel/include -Iconfig -DCONFIG_TEE_HUKS_SUPPORT -DCONFIG_CHIP_PKT_32K -DHI_BOARD_ASIC -DHI_ON_FLASH -E build/link/system_config.ld.S -o build/build_tmp/scripts/system_config.ld -P
nvimg_builder(["build/build_tmp/scripts/system_config.ld"], ["build/link/system_config.ld.S"])
product_name_list: ['sta']
xml h file: /home/chen/tools/sharefolder/code-1.0/vendor/hisi/hi3861/hi3861/tools/nvtool/h_file/nv
/home/chen/tools/sharefolder/code-1.0/vendor/hisi/hi3861/hi3861/tools/nvtool/out_nv_bin/sta
app_subver_list: ['demo']
current subver_name:demo
root_dir: /home/chen/tools/sharefolder/code-1.0/vendor/hisi/hi3861/hi3861/tools/nvtool
mdm_xml: /home/chen/tools/sharefolder/code-1.0/vendor/hisi/hi3861/hi3861/tools/nvtool/xml_file/mss_nvi_db.xml
HNV NAME:mss_nvi_db.xml
nv_tool: /home/chen/tools/sharefolder/code-1.0/vendor/hisi/hi3861/hi3861/tools/nvtool/tools/nv/cdbm
app_subver_temp_dir:/home/chen/tools/sharefolder/code-1.0/vendor/hisi/hi3861/hi3861/tools/nvtool/out_nv_bin/sta/nv/Hi3861_wifiiot_app/outside_demo
make app_subver_temp_dir
mdmxml:/home/chen/tools/sharefolder/code-1.0/vendor/hisi/hi3861/hi3861/tools/nvtool/xml_file/mss_nvi_db.xml
src_xml_list: ['/home/chen/tools/sharefolder/code-1.0/vendor/hisi/hi3861/hi3861/tools/nvtool/xml_file/mss_nvi_db.xml']
combin_xml:/home/chen/tools/sharefolder/code-1.0/vendor/hisi/hi3861/hi3861/tools/nvtool/out_nv_bin/sta/nv/Hi3861_wifiiot_app/mss_nvi_db.xml
root_list [<Element 'HISTUDIO' at 0x7fcbe941b770>]
hi_nv_modify_by_cfg
cfg_file: nv

cmd_line= ('/home/chen/tools/sharefolder/code-1.0/vendor/hisi/hi3861/hi3861/tools/nvtool/tools/nv/cdbm', '/home/chen/tools/sharefolder/code-1.0/vendor/hisi/hi3861/hi3861/tools/nvtool/out_nv_bin/sta/nv/Hi3861_wifiiot_app/outside_demo/nv.xml', '/home/chen/tools/sharefolder/code-1.0/vendor/hisi/hi3861/hi3861/tools/nvtool/h_file/nv', '/home/chen/tools/sharefolder/code-1.0/vendor/hisi/hi3861/hi3861/tools/nvtool/out_nv_bin/sta/nv/Hi3861_wifiiot_app/outside_demo/nv')
/home/chen/tools/sharefolder/code-1.0/vendor/hisi/hi3861/hi3861/tools/nvtool/out_nv_bin/sta/nv/Hi3861_wifiiot_app/outside_demo/nv.xml
/home/chen/tools/sharefolder/code-1.0/vendor/hisi/hi3861/hi3861/tools/nvtool/h_file/nv
/home/chen/tools/sharefolder/code-1.0/vendor/hisi/hi3861/hi3861/tools/nvtool/out_nv_bin/sta/nv/Hi3861_wifiiot_app/outside_demo/nv
===========Init HDB Start===========
*********strDataTypeDefPath:/home/chen/tools/sharefolder/code-1.0/vendor/hisi/hi3861/hi3861/tools/nvtool/h_file/nv/../nv/nv_modem_struct_def.txt
*********strDataTypeDefPath:/home/chen/tools/sharefolder/code-1.0/vendor/hisi/hi3861/hi3861/tools/nvtool/h_file/nv/../nv/nv_modem_struct_def.txt
*********strDataTypeDefPath:/home/chen/tools/sharefolder/code-1.0/vendor/hisi/hi3861/hi3861/tools/nvtool/h_file/nv/../nv/nv_factory_struct_def.txt
===========Init HDB finish===========
===========Write NV Buffer To File===========
===========Write NV Buffer Finish===========
RETURN VALUE:0
dst_hnv= /home/chen/tools/sharefolder/code-1.0/vendor/hisi/hi3861/hi3861/tools/nvtool/out_nv_bin/sta/nv/hnv/Hi3861_wifiiot_app.hnv
Factory NV total num:10
NV_FILE_STRU :28
Factory NV total size:824
Normal NV total num:13
NV_FILE_STRU :28
Normal NV total size:766
build hnv OK:/home/chen/tools/sharefolder/code-1.0/vendor/hisi/hi3861/hi3861/tools/nvtool/out_nv_bin/sta/nv/hnv/Hi3861_wifiiot_app.hnv
ENDING
riscv32-unknown-elf-gcc -Iplatform/os/Huawei_LiteOS/kernel/include -Iconfig -DCONFIG_TEE_HUKS_SUPPORT -DCONFIG_CHIP_PKT_32K -DHI_BOARD_ASIC -DHI_ON_FLASH -DFLASH_FIRM_START=4248512 -E build/link/link.ld.S -o build/build_tmp/scripts/link.lds -P
riscv32-unknown-elf-ld -nostartfiles -nostdlib -static --gc-sections -L/home/chen/tools/gcc_riscv32/bin/../lib/gcc/riscv32-unknown-elf/7.3.0 -L/home/chen/tools/sharefolder/code-1.0/vendor/hisi/hi3861/hi3861/build/scripts/../../../../../huawei/hms/hilink/ohos/l0/hi3861/lib/wifi -Lbuild/build_tmp/libs/app/wifiiot_app -Lbuild/build_tmp/libs/components/at -Lbuild/build_tmp/libs/platform/drivers -Lbuild/build_tmp/libs/platform/system -Lbuild/build_tmp/scripts -Lbuild/libs -Lbuild/libs/hi3861/release/no_mesh -Lbuild/scripts -Lohos/libs -Tbuild/build_tmp/scripts/link.lds -Map=output/bin/Hi3861_wifiiot_app.map -o output/bin/Hi3861_wifiiot_app.out --start-group --no-whole-archive --whole-archive -lAgriculture -lHwKeystoreSDK -ladc -lat -lauthmanager -lbootstrap -lbroadcast -lc_flash -lcfg -lcjson_static -lcmsis -lcommon_lite -lcpup -ldiag -ldiscovery -ldrv -lflash -lgcc -lgpio -lhal_file_static -lhal_iothardware -lhal_sysparam -lhal_token_static -lhichainsdk -lhilog_lite -lhiview_lite -li2c -lio -liothardware -liperf -lkal -llitekernel_flash -lltoswpa -llwip -lm_flash -lmbedtls -lnative_file -lpahomqtt_static -lparttab -lres_cfg -lsamgr -lsamgr_adapter -lsamgr_source -lsdio -lsec_flash -lspiffs -lsysparam -lsystem -ltoken_static -ltrans_service -ltsensor -luart -lupg -lutils_kv_store -lwifi -lwifi_flash -lwifiiot_app -lwifiservice -lwpa --end-group
riscv32-unknown-elf-objcopy -O binary output/bin/Hi3861_wifiiot_app.out build/build_tmp/cache/Hi3861_wifiiot_app.bin
baseimg_builder(["build/build_tmp/cache/Hi3861_wifiiot_app_base.bin", "build/build_tmp/cache/Hi3861_wifiiot_app_kernel.bin"], ["build/build_tmp/cache/Hi3861_wifiiot_app.bin"])
cleanup(["build/build_tmp/cache/Hi3861_wifiiot_app_base.bin", "build/build_tmp/cache/Hi3861_wifiiot_app_kernel.bin"], ["build/build_tmp/cache/Hi3861_wifiiot_app.bin"])
ota_builder(["build/build_tmp/cache/Hi3861_wifiiot_app_ota_temp.bin"], ["build/build_tmp/cache/Hi3861_wifiiot_app_base.bin", "build/build_tmp/cache/Hi3861_wifiiot_app_kernel.bin"])
********************package kernel&nv upgrade file********************
upg kernel file    in: build/build_tmp/cache/Hi3861_wifiiot_app_kernel.bin
upg normal nv file in: build/build_tmp/nv/Hi3861_wifiiot_app_normal.hnv
upg file          out: build/build_tmp/cache/Hi3861_wifiiot_app_ota_temp.bin
[common_head_offset=0][common_head_size=96]
[common_key_offset=96][common_key_size=288]
[common_head_sign_offset=384][common_head_sign_size=256]
[section_head_offset=640][section_head_size=64]
[upg_file_sign_offset=704][upg_file_sign_size=256]
[padding_offset=713064][padding_size=8]
[upg fill user info]chip:b'Hi3861'
-------------build/build_tmp/cache/Hi3861_wifiiot_app_ota_temp.bin image info print start-------------
[image_id=0x3c78961e][struct_version=0x0]]
[section_offset=0x280][section_len=0xadef0]
[file_type=0xf0][file_version=0x0][encrypt_flag=0x42]
[file_len=0xae170][key_len=0x120]
[file_attr=0x44]
[hash_alg=0x0][sign_alg=0x3f][sign_param=0x0]
[aes_key[0-1-14-15]=[0x0][0x0][0x0][0x0]]
[aes_iv [0-1-14-15]=[0x0][0x0][0x0][0x0]]
[common key][00]=[0x0]
[common key][01]=[0x0]
[common key][30]=[0x0]
[common key][31]=[0x0]
[common sign][00]=[0x7d]
[common sign][01]=[0x8b]
[common sign][30]=[0xa8]
[common sign][31]=[0xfc]
[section sign][00]=[0x10]
[section sign][01]=[0xb6]
[section sign][30]=[0x2]
[section sign][31]=[0xb]
[image_id=0x3c78961e][struct_version=0x0]]
[hash_alg=0x0][sign_alg=0x3f][sign_param=0x0]
[section_count=0x2]
[section0_compress=0x0][section0_offset=0x3c0][section0_len=0xacda8]
[section1_compress=0x0][section1_offset=0xad168][section1_len=0x1000]
-------------build/build_tmp/cache/Hi3861_wifiiot_app_ota_temp.bin image info print end--------------
riscv32-unknown-elf-objdump -d output/bin/Hi3861_wifiiot_app.out > output/bin/Hi3861_wifiiot_app.asm
burn_bin_builder(["output/bin/Hi3861_wifiiot_app_burn.bin", "output/bin/Hi3861_wifiiot_app_allinone.bin"], ["build/build_tmp/cache/Hi3861_wifiiot_app_ota_temp.bin", "output/bin/Hi3861_loader_signed.bin"])
********************package hiburn file********************
hbin flash boot file in : output/bin/Hi3861_boot_signed.bin
hbin factory nv file in : build/build_tmp/nv/Hi3861_wifiiot_app_factory.hnv
hbin normal nv file  in : build/build_tmp/cache/Hi3861_wifiiot_app_ota_temp.bin
hbin upg file        in : build/build_tmp/nv/Hi3861_wifiiot_app_factory.hnv
hbin file           out : output/bin/Hi3861_wifiiot_app_burn.bin
-------------output/bin/Hi3861_wifiiot_app_burn.bin image info print start-------------
[bin_size]=[0xbb170]
[image_id=0x3c78961e][struct_version=0x0]]
[section_offset=0x280][section_len=0xadef0]
[file_type=0xf0][file_version=0x0][encrypt_flag=0x42]
[file_len=0xae170][key_len=0x120]
[hash_alg=0x0][sign_alg=0x3f][sign_param=0x0]
[aes_key[0,1,14,15]=[0x0][0x0][0x0][0x0]]
[aes_iv[0,1,14,15]=[0x0][0x0][0x0][0x0]]
-------------output/bin/Hi3861_wifiiot_app_burn.bin image info print end--------------
['output/bin/Hi3861_loader_signed.bin', 'output/bin/Hi3861_wifiiot_app_burn.bin', 'output/bin/Hi3861_boot_signed_B.bin']
[0, 0, 2072576]
[0, 2097152, 24576]
[15360, 766320, 24576]
[0, 1, 1]
4022250975
boot_ota_builder(["output/bin/Hi3861_wifiiot_app_flash_boot_ota.bin"], ["output/bin/Hi3861_boot_signed.bin"])
********************package boot upgrade file********************
boot upg file  in: output/bin/Hi3861_boot_signed.bin
boot upg file out: output/bin/Hi3861_wifiiot_app_flash_boot_ota.bin
[common_head_offset=0][common_head_size=96]
[common_key_offset=96][common_key_size=288]
[common_head_sign_offset=384][common_head_sign_size=256]
[section_head_offset=640][section_head_size=64]
[upg_file_sign_offset=704][upg_file_sign_size=256]
[padding_offset=0][padding_size=0]
[upg fill user info]chip:b'Hi3861'
-------------output/bin/Hi3861_wifiiot_app_flash_boot_ota.bin image info print start-------------
[image_id=0x3c78961e][struct_version=0x0]]
[section_offset=0x280][section_len=0x60a0]
[file_type=0xe1][file_version=0x0][encrypt_flag=0x42]
[file_len=0x6320][key_len=0x120]
[file_attr=0x44]
[hash_alg=0x0][sign_alg=0x3f][sign_param=0x0]
[aes_key[0-1-14-15]=[0x0][0x0][0x0][0x0]]
[aes_iv [0-1-14-15]=[0x0][0x0][0x0][0x0]]
[common key][00]=[0x0]
[common key][01]=[0x0]
[common key][30]=[0x0]
[common key][31]=[0x0]
[common sign][00]=[0xc9]
[common sign][01]=[0x21]
[common sign][30]=[0x2f]
[common sign][31]=[0x82]
[section sign][00]=[0x3]
[section sign][01]=[0x99]
[section sign][30]=[0xe6]
[section sign][31]=[0xec]
[image_id=0x3c78961e][struct_version=0x0]]
[hash_alg=0x0][sign_alg=0x3f][sign_param=0x0]
[section_count=0x1]
[section0_compress=0x0][section0_offset=0x3c0][section0_len=0x5f60]
[section1_compress=0x0][section1_offset=0x0][section1_len=0x0]
-------------output/bin/Hi3861_wifiiot_app_flash_boot_ota.bin image info print end--------------
compress_ota_builder(["output/bin/Hi3861_wifiiot_app_ota.bin"], ["build/build_tmp/cache/Hi3861_wifiiot_app_ota_temp.bin"])
********************package compress upgrade file********************
compress upg file in:  build/build_tmp/cache/Hi3861_wifiiot_app_ota_temp.bin
compress upg file out: output/bin/Hi3861_wifiiot_app_ota.bin
lzma compress tool : /home/chen/tools/sharefolder/code-1.0/vendor/hisi/hi3861/hi3861/build/scripts/../../tools/lzma_tool/lzma_tool
lzma    src   file : build/build_tmp/cache/Hi3861_wifiiot_app_ota_temp.bin
lzma    out   file : build/build_tmp/cache/Hi3861_wifiiot_app_ota_temp.lzma

LZMA 19.00 (x64) : Igor Pavlov : Public domain : 2019-02-21

Input size:  713072 (0 MiB)
                                                                Output size: 447752 (0 MiB)
[upgbin-compressbin]0xae170-0x127000
[common_head_offset=0][common_head_size=96]
[common_key_offset=96][common_key_size=288]
[common_head_sign_offset=384][common_head_sign_size=256]
[section_head_offset=640][section_head_size=64]
[upg_file_sign_offset=704][upg_file_sign_size=256]
[padding_offset=448712][padding_size=8]
[upg fill user info]chip:b'Hi3861'
-------------output/bin/Hi3861_wifiiot_app_ota.bin image info print start-------------
[image_id=0x3c78961e][struct_version=0x0]]
[section_offset=0x280][section_len=0x6d650]
[file_type=0xf0][file_version=0x0][encrypt_flag=0x42]
[file_len=0x6d8d0][key_len=0x120]
[file_attr=0x44]
[hash_alg=0x0][sign_alg=0x3f][sign_param=0x0]
[aes_key[0-1-14-15]=[0x0][0x0][0x0][0x0]]
[aes_iv [0-1-14-15]=[0x0][0x0][0x0][0x0]]
[common key][00]=[0x0]
[common key][01]=[0x0]
[common key][30]=[0x0]
[common key][31]=[0x0]
[common sign][00]=[0x13]
[common sign][01]=[0xd6]
[common sign][30]=[0x9a]
[common sign][31]=[0x14]
[section sign][00]=[0x7f]
[section sign][01]=[0x95]
[section sign][30]=[0x1b]
[section sign][31]=[0x50]
[image_id=0x3c78961e][struct_version=0x0]]
[hash_alg=0x0][sign_alg=0x3f][sign_param=0x0]
[section_count=0x1]
[section0_compress=0x1][section0_offset=0x3c0][section0_len=0x6d508]
[section1_compress=0x0][section1_offset=0x0][section1_len=0x0]
-------------output/bin/Hi3861_wifiiot_app_ota.bin image info print end--------------

< ^^^^^^^^^^^^^^^^^^^^^^^^^^^^^^^^^^^^^^^^^^^^^^^^^^^^^^^^^^^^^^^^^^^^^ >
                              BUILD SUCCESS                              
< ^^^^^^^^^^^^^^^^^^^^^^^^^^^^^^^^^^^^^^^^^^^^^^^^^^^^^^^^^^^^^^^^^^^^^ >

See build log from: /home/chen/tools/sharefolder/code-1.0/vendor/hisi/hi3861/hi3861/build/build_tmp/logs/build_kernel.log
[216/216] STAMP obj/vendor/hisi/hi3861/hi3861/run_wifiiot_scons.stamp
